TN:
SF:script/Deploy.s.sol
DA:14,0
FN:14,Deploy._startBroadcast
FNDA:0,Deploy._startBroadcast
DA:15,0
DA:17,0
DA:20,0
FN:20,Deploy._stopBroadcast
FNDA:0,Deploy._stopBroadcast
DA:21,0
DA:24,0
FN:24,Deploy.run
FNDA:0,Deploy.run
DA:25,0
DA:28,0
DA:30,0
DA:31,0
DA:32,0
DA:33,0
DA:34,0
DA:35,0
DA:36,0
DA:37,0
DA:38,0
DA:39,0
DA:40,0
DA:43,0
DA:45,0
DA:46,0
DA:47,0
DA:48,0
DA:51,0
DA:53,0
DA:55,0
DA:56,0
DA:57,0
DA:58,0
DA:59,0
FNF:3
FNH:0
LF:31
LH:0
BRF:0
BRH:0
end_of_record
TN:
SF:script/StableYieldVaultDeployer.sol
DA:17,101
FN:17,StableYieldVaultDeployer.deployAsyncVault
FNDA:101,StableYieldVaultDeployer.deployAsyncVault
DA:22,101
DA:25,57
FN:25,StableYieldVaultDeployer.deploySyncVault
FNDA:57,StableYieldVaultDeployer.deploySyncVault
DA:30,57
DA:33,101
FN:33,StableYieldVaultDeployer._deployAsyncVault
FNDA:101,StableYieldVaultDeployer._deployAsyncVault
DA:37,101
DA:49,101
DA:50,101
DA:53,57
FN:53,StableYieldVaultDeployer._deploySyncVault
FNDA:57,StableYieldVaultDeployer._deploySyncVault
DA:57,57
DA:70,57
DA:71,57
FNF:4
FNH:4
LF:12
LH:12
BRF:0
BRH:0
end_of_record
TN:
SF:script/config/AddressRegistry.sol
DA:11,0
FN:11,AddressRegistry.getNetworkConfig
FNDA:0,AddressRegistry.getNetworkConfig
DA:12,0
BRDA:12,0,0,-
BRDA:12,0,1,-
DA:13,0
DA:15,0
DA:22,0
FN:22,AddressRegistry.getPolygonMainnetAddresses
FNDA:0,AddressRegistry.getPolygonMainnetAddresses
DA:23,0
FNF:2
FNH:0
LF:6
LH:0
BRF:2
BRH:0
end_of_record
TN:
SF:script/config/NetworkConfig.sol
DA:19,0
FN:19,NetworkConfig.getNetworkConfig
FNDA:0,NetworkConfig.getNetworkConfig
DA:20,0
BRDA:20,0,0,-
BRDA:20,0,1,-
DA:21,0
DA:23,0
DA:30,0
FN:30,NetworkConfig.getPolygonMainnetConfig
FNDA:0,NetworkConfig.getPolygonMainnetConfig
DA:31,0
DA:45,0
FN:45,NetworkConfig.getLocalConfig
FNDA:0,NetworkConfig.getLocalConfig
DA:46,0
FNF:3
FNH:0
LF:8
LH:0
BRF:2
BRH:0
end_of_record
TN:
SF:src/common/FundManagerBase.sol
DA:120,418
FN:120,FundManagerBase.constructor
FNDA:418,FundManagerBase.constructor
DA:129,418
BRDA:129,0,0,1
DA:130,417
BRDA:130,1,0,1
DA:131,1
DA:134,416
DA:135,416
DA:136,416
DA:139,416
DA:142,416
BRDA:142,2,0,1
DA:143,415
DA:148,415
DA:149,415
BRDA:149,3,0,1
DA:150,414
DA:151,414
DA:154,414
DA:155,414
DA:156,414
DA:159,414
DA:163,414
DA:166,414
DA:169,414
DA:172,414
DA:174,414
DA:177,414
DA:179,414
BRDA:179,4,0,256
DA:180,158
DA:190,516
FN:190,FundManagerBase.ensureYieldFlowDuration
FNDA:516,FundManagerBase.ensureYieldFlowDuration
DA:192,516
DA:195,516
BRDA:195,5,0,1
DA:197,1
DA:202,772
FN:202,FundManagerBase.setStableYieldRate
FNDA:772,FundManagerBase.setStableYieldRate
DA:206,516
BRDA:206,6,0,1
DA:207,1
DA:210,515
DA:211,515
DA:215,515
DA:217,515
DA:218,259
DA:220,259
DA:224,771
FN:224,FundManagerBase.setGuaranteedFlowDuration
FNDA:771,FundManagerBase.setGuaranteedFlowDuration
DA:225,515
BRDA:225,7,0,256
DA:228,259
BRDA:228,8,0,2
DA:229,2
DA:232,257
DA:235,257
DA:240,257
DA:242,257
DA:252,1027
FN:252,FundManagerBase.onShareTransfer
FNDA:1027,FundManagerBase.onShareTransfer
DA:253,1027
DA:255,1027
DA:257,1025
DA:259,1025
DA:260,1025
DA:270,519
FN:270,FundManagerBase.yieldAssetsBalance
FNDA:519,FundManagerBase.yieldAssetsBalance
DA:271,77484
DA:275,1024
FN:275,FundManagerBase.scaledYieldAssetsBalance
FNDA:1024,FundManagerBase.scaledYieldAssetsBalance
DA:276,49243
DA:280,521
FN:280,FundManagerBase.evaluateYieldAssetsDeficit
FNDA:521,FundManagerBase.evaluateYieldAssetsDeficit
DA:283,26948
DA:284,26948
DA:286,26948
DA:287,26948
DA:289,26948
DA:298,14115
FN:298,FundManagerBase._upgrade
FNDA:14115,FundManagerBase._upgrade
DA:299,14115
DA:300,14115
DA:303,5078
FN:303,FundManagerBase._downgrade
FNDA:5078,FundManagerBase._downgrade
DA:304,5078
DA:307,17705
FN:307,FundManagerBase._recalibrateFlow
FNDA:17705,FundManagerBase._recalibrateFlow
DA:308,17705
DA:309,17705
DA:311,17705
DA:312,17705
DA:317,44653
FN:317,FundManagerBase._targetFlowRate
FNDA:44653,FundManagerBase._targetFlowRate
DA:318,44653
DA:321,18494
FN:321,FundManagerBase._toUnit
FNDA:18494,FundManagerBase._toUnit
DA:322,18494
FNF:13
FNH:13
LF:77
LH:77
BRF:9
BRH:9
end_of_record
TN:
SF:src/vault/async/AsyncFundManager.sol
DA:68,1810
FN:68,AsyncFundManager.closeEpoch
FNDA:1810,AsyncFundManager.closeEpoch
DA:70,1554
DA:71,1554
DA:75,1553
FN:75,AsyncFundManager.settleEpoch
FNDA:1553,AsyncFundManager.settleEpoch
DA:76,1297
DA:77,1297
BRDA:77,0,0,4
DA:80,1293
DA:83,1293
BRDA:83,1,0,1293
DA:84,1293
DA:86,1293
DA:87,1293
DA:92,257
FN:92,AsyncFundManager.give
FNDA:257,AsyncFundManager.give
DA:93,1
DA:94,1
DA:98,513
FN:98,AsyncFundManager.take
FNDA:513,AsyncFundManager.take
DA:99,257
DA:100,257
DA:110,5638
FN:110,AsyncFundManager.onClaimDeposit
FNDA:5638,AsyncFundManager.onClaimDeposit
DA:111,5382
DA:114,5382
DA:115,5382
DA:119,3076
FN:119,AsyncFundManager.onRequestRedeem
FNDA:3076,AsyncFundManager.onRequestRedeem
DA:123,2820
BRDA:123,2,0,504
DA:125,2316
DA:126,2316
BRDA:126,3,0,264
DA:128,2052
DA:129,2052
BRDA:129,4,0,1796
BRDA:129,4,1,256
DA:130,1796
DA:132,256
DA:135,2052
DA:137,2052
DA:148,777
FN:148,AsyncFundManager.unutilizedAssetsBalance
FNDA:777,AsyncFundManager.unutilizedAssetsBalance
DA:149,5422
DA:153,774
FN:153,AsyncFundManager.evaluateFunding
FNDA:774,AsyncFundManager.evaluateFunding
DA:154,774
DA:156,774
DA:157,774
DA:158,774
DA:159,774
DA:160,774
DA:161,774
DA:162,774
DA:165,774
DA:168,774
DA:169,774
DA:171,774
BRDA:171,5,0,516
BRDA:171,5,1,258
DA:173,516
DA:176,258
DA:181,3
FN:181,AsyncFundManager.canSettleEpoch
FNDA:3,AsyncFundManager.canSettleEpoch
DA:187,1300
DA:189,1300
DA:192,1300
BRDA:192,6,0,3
DA:193,3
DA:194,3
DA:197,1300
DA:198,1300
DA:199,1300
DA:200,1300
DA:201,1300
DA:202,1300
DA:203,1300
DA:204,1300
DA:207,1300
DA:208,1300
DA:209,4
BRDA:209,7,0,4
DA:210,4
DA:211,4
DA:221,2064
FN:221,AsyncFundManager._rebalanceYieldAssets
FNDA:2064,AsyncFundManager._rebalanceYieldAssets
DA:222,2064
DA:224,2064
BRDA:224,8,0,1017
BRDA:224,8,1,256
DA:226,1017
DA:228,1017
BRDA:228,9,0,256
DA:231,761
DA:232,1047
BRDA:232,10,0,791
BRDA:232,10,1,256
DA:234,791
DA:236,256
FNF:10
FNH:10
LF:76
LH:76
BRF:15
BRH:15
end_of_record
TN:
SF:src/vault/async/StableYieldAsyncVault.sol
DA:96,101
FN:96,StableYieldAsyncVault.constructor
FNDA:101,StableYieldAsyncVault.constructor
DA:107,101
DA:109,101
DA:120,101
DA:130,9239
FN:130,StableYieldAsyncVault.requestDeposit
FNDA:9239,StableYieldAsyncVault.requestDeposit
DA:131,9239
BRDA:131,0,0,1
DA:132,9238
BRDA:132,1,0,1
DA:133,9237
BRDA:133,2,0,1
DA:136,9236
DA:139,9236
DA:141,9236
DA:144,9236
DA:145,9236
DA:148,9236
DA:150,9236
DA:152,9236
DA:156,512
FN:156,StableYieldAsyncVault.deposit.0
FNDA:512,StableYieldAsyncVault.deposit.0
DA:157,512
BRDA:157,3,0,256
DA:158,256
DA:162,5127
FN:162,StableYieldAsyncVault.deposit.1
FNDA:5127,StableYieldAsyncVault.deposit.1
DA:163,5127
DA:167,512
FN:167,StableYieldAsyncVault.mint.0
FNDA:512,StableYieldAsyncVault.mint.0
DA:168,512
BRDA:168,4,0,256
DA:169,256
DA:173,257
FN:173,StableYieldAsyncVault.mint.1
FNDA:257,StableYieldAsyncVault.mint.1
DA:174,257
DA:178,2821
FN:178,StableYieldAsyncVault.requestRedeem
FNDA:2821,StableYieldAsyncVault.requestRedeem
DA:179,2821
BRDA:179,5,0,1
DA:180,2820
BRDA:180,6,0,256
DA:181,2564
BRDA:181,7,0,256
DA:184,2308
DA:187,2308
DA:188,2308
BRDA:188,8,0,256
DA:191,2052
DA:194,2052
DA:196,2052
DA:199,2052
DA:200,2052
DA:203,2052
DA:205,2052
DA:207,2052
DA:211,1027
FN:211,StableYieldAsyncVault.redeem
FNDA:1027,StableYieldAsyncVault.redeem
DA:212,1027
BRDA:212,9,0,256
DA:213,771
DA:217,513
FN:217,StableYieldAsyncVault.withdraw
FNDA:513,StableYieldAsyncVault.withdraw
DA:218,513
BRDA:218,10,0,256
DA:219,257
DA:223,12057
FN:223,StableYieldAsyncVault.onCloseEpoch
FNDA:12057,StableYieldAsyncVault.onCloseEpoch
DA:225,11801
BRDA:225,11,0,256
DA:229,11545
DA:232,11545
DA:233,11545
DA:236,11545
DA:244,11545
DA:245,11545
DA:248,11545
DA:251,11545
DA:255,10003
FN:255,StableYieldAsyncVault.onSettleEpoch
FNDA:10003,StableYieldAsyncVault.onSettleEpoch
DA:256,9747
DA:258,9747
BRDA:258,12,0,1
DA:261,9746
DA:265,9746
DA:267,9746
BRDA:267,13,0,8209
BRDA:267,13,1,8209
DA:269,8209
DA:270,8209
BRDA:270,14,0,7952
DA:271,7952
DA:276,1537
DA:277,1537
DA:281,9746
DA:282,9746
DA:285,9746
DA:286,9746
DA:288,9746
DA:291,9746
DA:296,9746
DA:300,1280
FN:300,StableYieldAsyncVault.setOperator
FNDA:1280,StableYieldAsyncVault.setOperator
DA:301,1280
DA:302,1280
DA:303,1280
DA:313,1024
FN:313,StableYieldAsyncVault.isEpochSettled
FNDA:1024,StableYieldAsyncVault.isEpochSettled
DA:314,13065
DA:318,11043
FN:318,StableYieldAsyncVault.getSnapshot
FNDA:11043,StableYieldAsyncVault.getSnapshot
DA:319,11043
DA:326,513
FN:326,StableYieldAsyncVault.convertToShares
FNDA:513,StableYieldAsyncVault.convertToShares
DA:327,513
DA:328,513
DA:335,512
FN:335,StableYieldAsyncVault.convertToAssets
FNDA:512,StableYieldAsyncVault.convertToAssets
DA:336,512
DA:337,512
DA:341,1280
FN:341,StableYieldAsyncVault.pendingDepositRequest
FNDA:1280,StableYieldAsyncVault.pendingDepositRequest
DA:342,1280
DA:344,1280
DA:348,256
FN:348,StableYieldAsyncVault.pendingRedeemRequest
FNDA:256,StableYieldAsyncVault.pendingRedeemRequest
DA:349,256
DA:352,256
DA:356,2048
FN:356,StableYieldAsyncVault.claimableDepositRequest
FNDA:2048,StableYieldAsyncVault.claimableDepositRequest
DA:357,2048
DA:361,512
FN:361,StableYieldAsyncVault.claimableRedeemRequest
FNDA:512,StableYieldAsyncVault.claimableRedeemRequest
DA:362,512
DA:368,1
FN:368,StableYieldAsyncVault.share
FNDA:1,StableYieldAsyncVault.share
DA:369,1
DA:373,1
FN:373,StableYieldAsyncVault.asset
FNDA:1,StableYieldAsyncVault.asset
DA:374,1
DA:382,258
FN:382,StableYieldAsyncVault.totalAssets
FNDA:258,StableYieldAsyncVault.totalAssets
DA:383,258
DA:387,768
FN:387,StableYieldAsyncVault.isOperator
FNDA:768,StableYieldAsyncVault.isOperator
DA:388,768
DA:392,256
FN:392,StableYieldAsyncVault.maxDeposit
FNDA:256,StableYieldAsyncVault.maxDeposit
DA:393,256
DA:397,256
FN:397,StableYieldAsyncVault.maxMint
FNDA:256,StableYieldAsyncVault.maxMint
DA:398,256
DA:402,256
FN:402,StableYieldAsyncVault.maxRedeem
FNDA:256,StableYieldAsyncVault.maxRedeem
DA:403,256
DA:407,256
FN:407,StableYieldAsyncVault.maxWithdraw
FNDA:256,StableYieldAsyncVault.maxWithdraw
DA:408,256
DA:414,1
FN:414,StableYieldAsyncVault.previewDeposit
FNDA:1,StableYieldAsyncVault.previewDeposit
DA:415,1
DA:421,1
FN:421,StableYieldAsyncVault.previewMint
FNDA:1,StableYieldAsyncVault.previewMint
DA:422,1
DA:428,1
FN:428,StableYieldAsyncVault.previewRedeem
FNDA:1,StableYieldAsyncVault.previewRedeem
DA:429,1
DA:435,1
FN:435,StableYieldAsyncVault.previewWithdraw
FNDA:1,StableYieldAsyncVault.previewWithdraw
DA:436,1
DA:440,5
FN:440,StableYieldAsyncVault.supportsInterface
FNDA:5,StableYieldAsyncVault.supportsInterface
DA:441,5
DA:442,3
DA:452,8460
FN:452,StableYieldAsyncVault._update
FNDA:8460,StableYieldAsyncVault._update
DA:454,8460
BRDA:454,15,0,512
DA:455,512
DA:457,8460
DA:460,5383
FN:460,StableYieldAsyncVault._deposit
FNDA:5383,StableYieldAsyncVault._deposit
DA:461,5383
BRDA:461,16,0,1
DA:462,5382
DA:463,5126
DA:464,5126
BRDA:464,17,0,256
DA:465,4870
DA:468,513
FN:468,StableYieldAsyncVault._mintShares
FNDA:513,StableYieldAsyncVault._mintShares
DA:469,513
BRDA:469,18,0,1
DA:470,512
DA:471,512
DA:472,512
DA:475,771
FN:475,StableYieldAsyncVault._redeem
FNDA:771,StableYieldAsyncVault._redeem
DA:476,771
BRDA:476,19,0,1
DA:477,770
DA:478,514
DA:479,514
BRDA:479,20,0,256
DA:480,258
DA:483,257
FN:483,StableYieldAsyncVault._withdraw
FNDA:257,StableYieldAsyncVault._withdraw
DA:484,257
BRDA:484,21,0,1
DA:485,256
DA:487,256
DA:488,256
DA:494,5894
FN:494,StableYieldAsyncVault._resolveClaimableDeposit
FNDA:5894,StableYieldAsyncVault._resolveClaimableDeposit
DA:498,5894
DA:499,5894
DA:500,5894
DA:501,5894
BRDA:501,22,0,256
DA:502,5638
DA:508,1026
FN:508,StableYieldAsyncVault._resolveClaimableRedeem
FNDA:1026,StableYieldAsyncVault._resolveClaimableRedeem
DA:512,1026
DA:513,1026
DA:514,1026
DA:515,1026
BRDA:515,23,0,256
DA:516,770
DA:522,5382
FN:522,StableYieldAsyncVault._claimDeposit
FNDA:5382,StableYieldAsyncVault._claimDeposit
DA:523,5382
DA:524,5382
DA:525,5382
DA:526,5382
DA:527,5382
DA:528,5382
DA:529,5382
DA:535,514
FN:535,StableYieldAsyncVault._claimRedeem
FNDA:514,StableYieldAsyncVault._claimRedeem
DA:536,514
DA:537,514
DA:538,514
DA:539,514
DA:540,514
DA:541,514
DA:542,514
DA:543,514
DA:551,1025
FN:551,StableYieldAsyncVault._lastSettledRate
FNDA:1025,StableYieldAsyncVault._lastSettledRate
DA:553,1025
BRDA:553,24,0,1
BRDA:553,24,1,512
DA:554,1
DA:557,1024
BRDA:557,25,0,512
BRDA:557,25,1,512
DA:558,512
DA:561,512
DA:569,15130
FN:569,StableYieldAsyncVault._settleDepositIfNeeded
FNDA:15130,StableYieldAsyncVault._settleDepositIfNeeded
DA:570,15130
DA:573,15130
DA:574,15130
DA:577,5894
DA:578,5894
DA:581,5638
DA:582,5638
DA:585,5638
DA:586,5638
DA:587,5638
DA:594,3334
FN:594,StableYieldAsyncVault._settleRedeemIfNeeded
FNDA:3334,StableYieldAsyncVault._settleRedeemIfNeeded
DA:595,3334
DA:598,3334
DA:599,3334
DA:602,770
DA:603,770
DA:606,770
DA:607,770
DA:610,770
DA:611,770
DA:612,770
DA:615,2304
FN:615,StableYieldAsyncVault._effectiveClaimableDepositAssets
FNDA:2304,StableYieldAsyncVault._effectiveClaimableDepositAssets
DA:616,2304
DA:619,2304
DA:622,2304
DA:623,2304
BRDA:623,30,0,1024
DA:624,1024
DA:628,256
FN:628,StableYieldAsyncVault._effectiveClaimableDepositShares
FNDA:256,StableYieldAsyncVault._effectiveClaimableDepositShares
DA:629,256
DA:632,256
DA:634,256
DA:635,256
DA:638,256
BRDA:638,31,0,256
DA:639,256
DA:640,256
DA:644,768
FN:644,StableYieldAsyncVault._effectiveClaimableRedeemShares
FNDA:768,StableYieldAsyncVault._effectiveClaimableRedeemShares
DA:645,768
DA:648,768
DA:651,768
DA:652,768
BRDA:652,32,0,512
DA:653,512
DA:657,256
FN:657,StableYieldAsyncVault._effectiveClaimableRedeemAssets
FNDA:256,StableYieldAsyncVault._effectiveClaimableRedeemAssets
DA:658,256
DA:661,256
DA:663,256
DA:664,256
DA:667,256
BRDA:667,33,0,256
DA:668,256
DA:669,256
DA:679,12057
FN:679,StableYieldAsyncVault.onlyFundManager
FNDA:12057,StableYieldAsyncVault.onlyFundManager
DA:680,12057
BRDA:680,34,0,256
FNF:50
FNH:50
LF:239
LH:239
BRF:34
BRH:34
end_of_record
TN:
SF:src/vault/sync/StableYieldSyncVault.sol
DA:59,60
FN:59,StableYieldSyncVault.constructor
FNDA:60,StableYieldSyncVault.constructor
DA:71,60
BRDA:71,0,0,1
DA:73,59
DA:92,9745
FN:92,StableYieldSyncVault.deposit
FNDA:9745,StableYieldSyncVault.deposit
DA:98,9745
DA:102,512
FN:102,StableYieldSyncVault.mint
FNDA:512,StableYieldSyncVault.mint
DA:103,512
DA:107,3074
FN:107,StableYieldSyncVault.withdraw
FNDA:3074,StableYieldSyncVault.withdraw
DA:113,3074
DA:117,2051
FN:117,StableYieldSyncVault.redeem
FNDA:2051,StableYieldSyncVault.redeem
DA:123,2051
DA:136,2307
FN:136,StableYieldSyncVault.totalAssets
FNDA:2307,StableYieldSyncVault.totalAssets
DA:137,30757
DA:155,28450
FN:155,StableYieldSyncVault._decimalsOffset
FNDA:28450,StableYieldSyncVault._decimalsOffset
DA:156,28450
DA:165,1537
FN:165,StableYieldSyncVault.maxDeposit
FNDA:1537,StableYieldSyncVault.maxDeposit
DA:166,11282
DA:167,10769
DA:175,768
FN:175,StableYieldSyncVault.maxMint
FNDA:768,StableYieldSyncVault.maxMint
DA:176,1280
DA:177,768
DA:178,768
DA:179,256
DA:188,2822
FN:188,StableYieldSyncVault.maxWithdraw
FNDA:2822,StableYieldSyncVault.maxWithdraw
DA:189,5896
DA:190,5381
DA:191,5381
DA:192,5381
DA:200,2562
FN:200,StableYieldSyncVault.maxRedeem
FNDA:2562,StableYieldSyncVault.maxRedeem
DA:201,4613
DA:202,4101
DA:203,4101
DA:204,4101
DA:242,23071
FN:242,StableYieldSyncVault._isExternallyPaused
FNDA:23071,StableYieldSyncVault._isExternallyPaused
DA:243,23071
DA:244,13329
DA:259,9745
FN:259,StableYieldSyncVault._deposit
FNDA:9745,StableYieldSyncVault._deposit
DA:260,9745
DA:262,9745
DA:264,9745
DA:266,9745
DA:276,4357
FN:276,StableYieldSyncVault._withdraw
FNDA:4357,StableYieldSyncVault._withdraw
DA:280,4357
BRDA:280,7,0,1
DA:281,1
DA:284,4356
DA:285,4356
DA:287,4356
DA:289,4356
DA:291,4355
DA:298,14615
FN:298,StableYieldSyncVault._update
FNDA:14615,StableYieldSyncVault._update
DA:299,14615
BRDA:299,8,0,514
DA:300,514
DA:302,14615
FNF:15
FNH:15
LF:53
LH:53
BRF:3
BRH:3
end_of_record
TN:
SF:src/vault/sync/SyncFundManager.sol
DA:57,59
FN:57,SyncFundManager.constructor
FNDA:59,SyncFundManager.constructor
DA:77,57
DA:87,9745
FN:87,SyncFundManager.onDeposit
FNDA:9745,SyncFundManager.onDeposit
DA:88,9745
DA:89,9745
BRDA:89,0,0,9745
DA:91,9745
DA:94,9745
DA:98,9745
DA:99,9745
DA:100,9745
BRDA:100,1,0,8314
DA:101,8314
DA:102,8314
DA:103,8314
DA:107,9745
DA:108,9745
BRDA:108,2,0,9489
DA:109,9489
DA:110,9489
DA:113,9745
DA:117,4868
FN:117,SyncFundManager.onWithdraw
FNDA:4868,SyncFundManager.onWithdraw
DA:125,4868
BRDA:125,3,0,512
DA:127,4356
DA:131,4356
BRDA:131,4,0,4356
DA:132,4356
DA:133,4356
BRDA:133,5,0,259
BRDA:133,5,1,4097
DA:134,259
DA:136,4097
DA:138,4356
DA:151,4356
DA:153,4356
DA:154,4356
BRDA:154,6,0,361
DA:155,4356
BRDA:155,7,0,3998
DA:156,3998
DA:159,4356
DA:161,4356
BRDA:161,8,0,-
DA:162,4356
DA:164,4356
BRDA:164,9,0,3965
DA:166,3965
DA:171,4356
DA:172,4356
BRDA:172,10,0,3998
DA:173,3998
DA:177,4356
DA:178,4355
DA:188,41009
FN:188,SyncFundManager.totalManagedAssets
FNDA:41009,SyncFundManager.totalManagedAssets
DA:189,41009
DA:190,41009
DA:194,11538
FN:194,SyncFundManager.maxExternalDeposit
FNDA:11538,SyncFundManager.maxExternalDeposit
DA:195,11538
DA:199,14098
FN:199,SyncFundManager.maxExternalVaultWithdraw
FNDA:14098,SyncFundManager.maxExternalVaultWithdraw
DA:200,14098
DA:234,14618
FN:234,SyncFundManager._rebalanceYieldAssets
FNDA:14618,SyncFundManager._rebalanceYieldAssets
DA:235,14618
DA:237,14618
BRDA:237,11,0,13251
BRDA:237,11,1,288
DA:239,13251
DA:240,13251
DA:241,13251
DA:243,13251
BRDA:243,12,0,5040
DA:244,5040
DA:246,5040
DA:248,1367
BRDA:248,13,0,1357
DA:249,1357
DA:250,1357
DA:253,1357
DA:256,541
BRDA:256,15,0,289
DA:257,289
DA:258,289
DA:259,289
FNF:7
FNH:7
LF:66
LH:66
BRF:17
BRH:16
end_of_record
TN:
SF:test/echidna/EchidnaStableYieldSyncVault.sol
DA:87,0
FN:87,EchidnaStableYieldSyncVault.constructor
FNDA:0,EchidnaStableYieldSyncVault.constructor
DA:88,0
DA:89,0
DA:90,0
DA:91,0
DA:93,0
DA:94,0
DA:96,0
DA:97,0
DA:99,0
DA:100,0
DA:101,0
DA:102,0
DA:104,0
DA:106,0
DA:118,0
DA:121,0
DA:122,0
DA:125,0
DA:126,0
DA:127,0
DA:129,0
DA:130,0
DA:131,0
DA:132,0
DA:133,0
DA:137,0
DA:138,0
BRDA:138,0,0,-
BRDA:138,0,1,-
DA:139,0
BRDA:139,1,0,-
BRDA:139,1,1,-
DA:140,0
BRDA:140,2,0,-
BRDA:140,2,1,-
DA:149,0
FN:149,EchidnaStableYieldSyncVault.keepAlive
FNDA:0,EchidnaStableYieldSyncVault.keepAlive
DA:150,0
BRDA:150,3,0,-
DA:161,0
FN:161,EchidnaStableYieldSyncVault.deposit
FNDA:0,EchidnaStableYieldSyncVault.deposit
DA:162,0
DA:165,0
DA:166,0
DA:168,0
DA:169,0
DA:170,0
DA:172,0
DA:179,0
BRDA:179,5,0,-
DA:180,0
DA:182,0
BRDA:182,6,0,-
DA:183,0
DA:185,0
DA:188,0
DA:191,0
FN:191,EchidnaStableYieldSyncVault.mint
FNDA:0,EchidnaStableYieldSyncVault.mint
DA:192,0
DA:193,0
DA:194,0
DA:195,0
DA:196,0
DA:198,0
DA:200,0
DA:203,0
BRDA:203,8,0,-
DA:204,0
DA:205,0
DA:208,0
DA:211,0
FN:211,EchidnaStableYieldSyncVault.withdraw
FNDA:0,EchidnaStableYieldSyncVault.withdraw
DA:212,0
DA:213,0
DA:214,0
DA:216,0
DA:217,0
DA:219,0
DA:224,0
BRDA:224,10,0,-
DA:225,0
DA:226,0
DA:227,0
DA:228,0
BRDA:228,10,1,-
DA:229,0
DA:232,0
DA:235,0
FN:235,EchidnaStableYieldSyncVault.redeem
FNDA:0,EchidnaStableYieldSyncVault.redeem
DA:236,0
DA:237,0
DA:238,0
DA:240,0
DA:241,0
DA:243,0
DA:245,0
BRDA:245,12,0,-
DA:246,0
DA:247,0
DA:248,0
DA:249,0
BRDA:249,12,1,-
DA:250,0
DA:253,0
DA:259,0
FN:259,EchidnaStableYieldSyncVault.roundtrip_deposit_redeem
FNDA:0,EchidnaStableYieldSyncVault.roundtrip_deposit_redeem
DA:260,0
DA:261,0
DA:262,0
DA:264,0
DA:266,0
DA:267,0
BRDA:267,14,0,-
DA:268,0
DA:271,0
BRDA:271,15,0,-
DA:272,0
DA:273,0
BRDA:273,16,0,-
DA:274,0
DA:275,0
DA:276,0
DA:277,0
BRDA:277,16,1,-
DA:278,0
DA:283,0
DA:286,0
FN:286,EchidnaStableYieldSyncVault.transfer_shares
FNDA:0,EchidnaStableYieldSyncVault.transfer_shares
DA:287,0
DA:288,0
DA:289,0
DA:290,0
DA:291,0
DA:293,0
DA:294,0
DA:296,0
DA:297,0
BRDA:297,19,0,-
DA:299,0
DA:302,0
DA:312,0
FN:312,EchidnaStableYieldSyncVault.operator_set_rate
FNDA:0,EchidnaStableYieldSyncVault.operator_set_rate
DA:313,0
BRDA:313,20,0,-
DA:314,0
DA:317,0
FN:317,EchidnaStableYieldSyncVault.operator_set_duration
FNDA:0,EchidnaStableYieldSyncVault.operator_set_duration
DA:318,0
DA:319,0
BRDA:319,21,0,-
DA:320,0
DA:323,0
FN:323,EchidnaStableYieldSyncVault.operator_ensure_flow
FNDA:0,EchidnaStableYieldSyncVault.operator_ensure_flow
DA:329,0
BRDA:329,22,0,-
DA:330,0
DA:339,0
FN:339,EchidnaStableYieldSyncVault.external_simulate_gain
FNDA:0,EchidnaStableYieldSyncVault.external_simulate_gain
DA:340,0
DA:341,0
DA:342,0
DA:344,0
DA:345,0
DA:346,0
DA:349,0
FN:349,EchidnaStableYieldSyncVault.external_simulate_loss
FNDA:0,EchidnaStableYieldSyncVault.external_simulate_loss
DA:350,0
DA:351,0
DA:352,0
DA:353,0
DA:354,0
DA:357,0
FN:357,EchidnaStableYieldSyncVault.external_set_liquidity_cap
FNDA:0,EchidnaStableYieldSyncVault.external_set_liquidity_cap
DA:358,0
DA:359,0
DA:362,0
FN:362,EchidnaStableYieldSyncVault.warp_seconds
FNDA:0,EchidnaStableYieldSyncVault.warp_seconds
DA:363,0
DA:364,0
DA:374,0
FN:374,EchidnaStableYieldSyncVault._check
FNDA:0,EchidnaStableYieldSyncVault._check
DA:376,0
DA:384,0
DA:385,0
DA:386,0
DA:391,0
DA:395,0
DA:396,0
DA:400,0
DA:407,0
DA:408,0
DA:409,0
BRDA:409,25,0,-
DA:410,0
DA:411,0
DA:412,0
DA:413,0
DA:414,0
DA:420,0
DA:421,0
DA:431,0
FN:431,EchidnaStableYieldSyncVault._plantSuperfluidLibraries
FNDA:0,EchidnaStableYieldSyncVault._plantSuperfluidLibraries
DA:432,0
DA:433,0
DA:434,0
DA:435,0
DA:436,0
DA:437,0
DA:438,0
DA:439,0
DA:440,0
DA:441,0
DA:442,0
DA:443,0
DA:444,0
DA:445,0
DA:446,0
DA:447,0
DA:450,0
FN:450,EchidnaStableYieldSyncVault._plant
FNDA:0,EchidnaStableYieldSyncVault._plant
DA:451,0
DA:453,0
DA:455,0
BRDA:455,26,0,-
BRDA:455,26,1,-
DA:456,0
DA:459,0
FN:459,EchidnaStableYieldSyncVault._actor
FNDA:0,EchidnaStableYieldSyncVault._actor
DA:460,0
DA:463,0
FN:463,EchidnaStableYieldSyncVault._bound
FNDA:0,EchidnaStableYieldSyncVault._bound
DA:464,0
DA:465,0
DA:468,0
FN:468,EchidnaStableYieldSyncVault._min
FNDA:0,EchidnaStableYieldSyncVault._min
DA:469,0
DA:476,0
FN:476,EchidnaStableYieldSyncVault._gdaBuffer
FNDA:0,EchidnaStableYieldSyncVault._gdaBuffer
DA:477,0
DA:478,0
DA:484,0
FN:484,EchidnaStableYieldSyncVault._bystander
FNDA:0,EchidnaStableYieldSyncVault._bystander
DA:489,0
DA:490,0
DA:491,0
BRDA:491,28,0,-
DA:492,0
DA:495,0
DA:506,0
FN:506,EchidnaStableYieldSyncVault._assertNotDiluted
FNDA:0,EchidnaStableYieldSyncVault._assertNotDiluted
DA:517,0
FNF:24
FNH:0
LF:203
LH:0
BRF:26
BRH:0
end_of_record
TN:
SF:test/echidna/EchidnaStableYieldVault.sol
DA:127,0
FN:127,EchidnaStableYieldVault.constructor
FNDA:0,EchidnaStableYieldVault.constructor
DA:128,0
DA:129,0
DA:130,0
DA:132,0
DA:134,0
DA:135,0
DA:137,0
DA:138,0
DA:139,0
DA:141,0
DA:142,0
DA:143,0
DA:144,0
DA:146,0
DA:157,0
DA:163,0
DA:164,0
DA:168,0
DA:169,0
DA:170,0
DA:172,0
DA:173,0
DA:174,0
DA:175,0
DA:176,0
DA:179,0
DA:182,0
DA:183,0
DA:188,0
DA:189,0
BRDA:189,0,0,-
BRDA:189,0,1,-
DA:190,0
BRDA:190,1,0,-
BRDA:190,1,1,-
DA:191,0
BRDA:191,2,0,-
BRDA:191,2,1,-
DA:201,0
FN:201,EchidnaStableYieldVault.request_deposit
FNDA:0,EchidnaStableYieldVault.request_deposit
DA:202,0
DA:203,0
DA:204,0
DA:205,0
DA:207,0
DA:208,0
DA:209,0
DA:211,0
DA:212,0
BRDA:212,4,0,-
DA:213,0
DA:215,0
DA:218,0
DA:219,0
DA:222,0
DA:228,0
FN:228,EchidnaStableYieldVault.request_deposit_for
FNDA:0,EchidnaStableYieldVault.request_deposit_for
DA:229,0
DA:230,0
DA:231,0
DA:232,0
DA:233,0
DA:234,0
DA:236,0
DA:237,0
BRDA:237,7,0,-
DA:238,0
DA:239,0
DA:242,0
DA:247,0
FN:247,EchidnaStableYieldVault.probe_request_deposit_during_settlement
FNDA:0,EchidnaStableYieldVault.probe_request_deposit_during_settlement
DA:248,0
DA:249,0
DA:250,0
DA:251,0
DA:252,0
DA:253,0
DA:254,0
DA:257,0
DA:260,0
FN:260,EchidnaStableYieldVault.claim_deposit
FNDA:0,EchidnaStableYieldVault.claim_deposit
DA:261,0
DA:262,0
DA:263,0
DA:264,0
DA:265,0
DA:267,0
DA:268,0
DA:269,0
DA:271,0
DA:272,0
DA:273,0
BRDA:273,12,0,-
DA:274,0
DA:275,0
DA:278,0
DA:281,0
BRDA:281,13,0,-
DA:284,0
DA:292,0
BRDA:292,14,0,-
DA:293,0
DA:297,0
DA:302,0
FN:302,EchidnaStableYieldVault.claim_deposit_for
FNDA:0,EchidnaStableYieldVault.claim_deposit_for
DA:303,0
DA:304,0
DA:305,0
DA:306,0
DA:307,0
DA:308,0
DA:309,0
DA:311,0
DA:312,0
DA:313,0
DA:315,0
DA:316,0
BRDA:316,17,0,-
DA:317,0
DA:318,0
DA:320,0
DA:322,0
BRDA:322,18,0,-
DA:323,0
DA:327,0
DA:332,0
FN:332,EchidnaStableYieldVault.claim_mint
FNDA:0,EchidnaStableYieldVault.claim_mint
DA:333,0
DA:334,0
DA:335,0
DA:336,0
DA:337,0
DA:339,0
DA:340,0
DA:341,0
DA:343,0
DA:344,0
BRDA:344,21,0,-
DA:345,0
DA:347,0
DA:348,0
DA:349,0
DA:352,0
BRDA:352,22,0,-
DA:353,0
DA:357,0
DA:366,0
FN:366,EchidnaStableYieldVault.request_redeem
FNDA:0,EchidnaStableYieldVault.request_redeem
DA:367,0
DA:368,0
DA:369,0
DA:370,0
DA:372,0
DA:373,0
DA:374,0
DA:376,0
DA:377,0
BRDA:377,24,0,-
DA:378,0
DA:379,0
DA:381,0
DA:384,0
BRDA:384,25,0,-
DA:385,0
DA:386,0
DA:390,0
DA:394,0
FN:394,EchidnaStableYieldVault.request_redeem_for
FNDA:0,EchidnaStableYieldVault.request_redeem_for
DA:395,0
DA:396,0
DA:397,0
DA:398,0
DA:399,0
DA:400,0
DA:402,0
DA:403,0
BRDA:403,28,0,-
DA:404,0
DA:405,0
DA:406,0
DA:409,0
DA:413,0
FN:413,EchidnaStableYieldVault.probe_request_redeem_during_settlement
FNDA:0,EchidnaStableYieldVault.probe_request_redeem_during_settlement
DA:414,0
DA:415,0
DA:416,0
DA:417,0
DA:418,0
DA:419,0
DA:420,0
DA:423,0
DA:426,0
FN:426,EchidnaStableYieldVault.claim_redeem
FNDA:0,EchidnaStableYieldVault.claim_redeem
DA:427,0
DA:428,0
DA:429,0
DA:430,0
DA:431,0
DA:433,0
DA:434,0
BRDA:434,33,0,-
DA:435,0
DA:436,0
DA:438,0
DA:441,0
DA:446,0
FN:446,EchidnaStableYieldVault.claim_redeem_for
FNDA:0,EchidnaStableYieldVault.claim_redeem_for
DA:447,0
DA:448,0
DA:449,0
DA:450,0
DA:451,0
DA:452,0
DA:453,0
DA:455,0
DA:456,0
BRDA:456,36,0,-
DA:457,0
DA:458,0
DA:459,0
DA:462,0
DA:467,0
FN:467,EchidnaStableYieldVault.claim_withdraw
FNDA:0,EchidnaStableYieldVault.claim_withdraw
DA:468,0
DA:469,0
DA:470,0
DA:471,0
DA:472,0
DA:474,0
DA:475,0
BRDA:475,39,0,-
DA:476,0
DA:477,0
DA:479,0
DA:482,0
DA:485,0
DA:489,0
FN:489,EchidnaStableYieldVault.claim_withdraw_for
FNDA:0,EchidnaStableYieldVault.claim_withdraw_for
DA:490,0
DA:491,0
DA:492,0
DA:493,0
DA:494,0
DA:495,0
DA:496,0
DA:498,0
DA:499,0
BRDA:499,42,0,-
DA:500,0
DA:501,0
DA:502,0
DA:504,0
DA:507,0
DA:524,0
FN:524,EchidnaStableYieldVault.set_operator
FNDA:0,EchidnaStableYieldVault.set_operator
DA:525,0
DA:526,0
DA:527,0
DA:528,0
DA:529,0
BRDA:529,44,0,-
DA:531,0
DA:532,0
DA:542,0
FN:542,EchidnaStableYieldVault.close_epoch
FNDA:0,EchidnaStableYieldVault.close_epoch
DA:546,0
DA:547,0
DA:548,0
BRDA:548,45,0,-
DA:549,0
DA:551,0
BRDA:551,46,0,-
DA:553,0
DA:554,0
DA:556,0
DA:559,0
DA:561,0
DA:577,0
FN:577,EchidnaStableYieldVault.close_epoch_with_working
FNDA:0,EchidnaStableYieldVault.close_epoch_with_working
DA:579,0
DA:580,0
BRDA:580,47,0,-
DA:581,0
DA:583,0
DA:585,0
DA:586,0
BRDA:586,48,0,-
DA:587,0
DA:589,0
BRDA:589,49,0,-
DA:591,0
DA:592,0
DA:594,0
DA:596,0
DA:598,0
DA:603,0
FN:603,EchidnaStableYieldVault.probe_close_epoch_during_snapshot
FNDA:0,EchidnaStableYieldVault.probe_close_epoch_during_snapshot
DA:604,0
DA:605,0
DA:606,0
DA:607,0
DA:610,0
FN:610,EchidnaStableYieldVault.settle_epoch
FNDA:0,EchidnaStableYieldVault.settle_epoch
DA:615,0
DA:616,0
BRDA:616,51,0,-
DA:617,0
DA:618,0
BRDA:618,52,0,-
DA:619,0
DA:620,0
DA:621,0
DA:622,0
DA:626,0
DA:627,0
BRDA:627,53,0,-
DA:628,0
DA:631,0
BRDA:631,54,0,-
DA:634,0
BRDA:634,55,0,-
DA:635,0
DA:637,0
DA:638,0
DA:639,0
DA:642,0
DA:645,0
DA:652,0
BRDA:652,56,0,-
DA:653,0
DA:657,0
DA:662,0
FN:662,EchidnaStableYieldVault.probe_settle_when_no_snapshot
FNDA:0,EchidnaStableYieldVault.probe_settle_when_no_snapshot
DA:663,0
DA:664,0
DA:665,0
DA:675,0
FN:675,EchidnaStableYieldVault.probe_preview_deposit
FNDA:0,EchidnaStableYieldVault.probe_preview_deposit
DA:676,0
DA:677,0
DA:678,0
DA:682,0
FN:682,EchidnaStableYieldVault.probe_preview_mint
FNDA:0,EchidnaStableYieldVault.probe_preview_mint
DA:683,0
DA:684,0
DA:685,0
DA:689,0
FN:689,EchidnaStableYieldVault.probe_preview_redeem
FNDA:0,EchidnaStableYieldVault.probe_preview_redeem
DA:690,0
DA:691,0
DA:692,0
DA:696,0
FN:696,EchidnaStableYieldVault.probe_preview_withdraw
FNDA:0,EchidnaStableYieldVault.probe_preview_withdraw
DA:697,0
DA:698,0
DA:699,0
DA:709,0
FN:709,EchidnaStableYieldVault.set_stable_yield_rate
FNDA:0,EchidnaStableYieldVault.set_stable_yield_rate
DA:710,0
DA:711,0
BRDA:711,58,0,-
DA:712,0
DA:714,0
BRDA:714,59,0,-
DA:715,0
DA:721,0
FN:721,EchidnaStableYieldVault.set_guaranteed_flow_duration
FNDA:0,EchidnaStableYieldVault.set_guaranteed_flow_duration
DA:722,0
DA:723,0
DA:724,0
BRDA:724,60,0,-
DA:725,0
DA:727,0
BRDA:727,61,0,-
DA:728,0
DA:733,0
FN:733,EchidnaStableYieldVault.ensure_yield_flow_duration
FNDA:0,EchidnaStableYieldVault.ensure_yield_flow_duration
DA:734,0
DA:735,0
BRDA:735,62,0,-
DA:736,0
DA:738,0
BRDA:738,63,0,-
DA:739,0
DA:744,0
FN:744,EchidnaStableYieldVault.probe_set_duration_below_floor
FNDA:0,EchidnaStableYieldVault.probe_set_duration_below_floor
DA:745,0
DA:746,0
DA:749,0
DA:769,0
FN:769,EchidnaStableYieldVault.operator_take
FNDA:0,EchidnaStableYieldVault.operator_take
DA:770,0
DA:771,0
DA:772,0
DA:774,0
BRDA:774,65,0,-
DA:775,0
DA:778,0
DA:785,0
FN:785,EchidnaStableYieldVault.operator_simulate_gain
FNDA:0,EchidnaStableYieldVault.operator_simulate_gain
DA:786,0
DA:787,0
DA:788,0
DA:789,0
DA:790,0
DA:791,0
DA:792,0
DA:793,0
DA:799,0
FN:799,EchidnaStableYieldVault.operator_simulate_loss
FNDA:0,EchidnaStableYieldVault.operator_simulate_loss
DA:800,0
DA:801,0
DA:802,0
DA:803,0
DA:804,0
DA:805,0
DA:806,0
DA:812,0
FN:812,EchidnaStableYieldVault.operator_give
FNDA:0,EchidnaStableYieldVault.operator_give
DA:813,0
DA:814,0
DA:815,0
DA:817,0
BRDA:817,71,0,-
DA:818,0
BRDA:818,72,0,-
BRDA:818,72,1,-
DA:819,0
DA:821,0
DA:825,0
DA:834,0
FN:834,EchidnaStableYieldVault.probe_take_during_snapshot_breaks_settle
FNDA:0,EchidnaStableYieldVault.probe_take_during_snapshot_breaks_settle
DA:835,0
DA:836,0
DA:837,0
DA:838,0
DA:839,0
DA:841,0
BRDA:841,75,0,-
DA:842,0
DA:843,0
BRDA:843,75,1,-
DA:844,0
DA:847,0
DA:848,0
BRDA:848,76,0,-
DA:849,0
DA:850,0
DA:852,0
DA:855,0
FN:855,EchidnaStableYieldVault.warp_seconds
FNDA:0,EchidnaStableYieldVault.warp_seconds
DA:856,0
DA:857,0
BRDA:857,77,0,-
DA:858,0
DA:859,0
DA:865,0
FN:865,EchidnaStableYieldVault.warp_seconds_long
FNDA:0,EchidnaStableYieldVault.warp_seconds_long
DA:866,0
DA:867,0
BRDA:867,78,0,-
DA:868,0
DA:869,0
DA:911,0
FN:911,EchidnaStableYieldVault._assertForwardSolvency
FNDA:0,EchidnaStableYieldVault._assertForwardSolvency
DA:912,0
DA:913,0
DA:914,0
DA:915,0
DA:926,0
FN:926,EchidnaStableYieldVault._checkRateDirection
FNDA:0,EchidnaStableYieldVault._checkRateDirection
DA:929,0
DA:930,0
DA:932,0
DA:933,0
DA:935,0
DA:936,0
DA:937,0
DA:938,0
DA:941,0
DA:942,0
DA:951,0
FN:951,EchidnaStableYieldVault._check
FNDA:0,EchidnaStableYieldVault._check
DA:955,0
DA:956,0
DA:957,0
BRDA:957,84,0,-
BRDA:957,84,1,-
DA:958,0
DA:960,0
DA:964,0
DA:965,0
DA:966,0
DA:970,0
BRDA:970,85,0,-
DA:971,0
DA:973,0
DA:974,0
BRDA:974,86,0,-
DA:975,0
DA:980,0
DA:983,0
DA:986,0
BRDA:986,87,0,-
DA:987,0
DA:992,0
DA:995,0
DA:1010,0
FN:1010,EchidnaStableYieldVault._plantSuperfluidLibraries
FNDA:0,EchidnaStableYieldVault._plantSuperfluidLibraries
DA:1011,0
DA:1012,0
DA:1013,0
DA:1014,0
DA:1015,0
DA:1016,0
DA:1017,0
DA:1018,0
DA:1019,0
DA:1020,0
DA:1021,0
DA:1022,0
DA:1023,0
DA:1024,0
DA:1025,0
DA:1026,0
DA:1029,0
FN:1029,EchidnaStableYieldVault._plant
FNDA:0,EchidnaStableYieldVault._plant
DA:1030,0
DA:1032,0
DA:1034,0
BRDA:1034,88,0,-
BRDA:1034,88,1,-
DA:1035,0
DA:1038,0
FN:1038,EchidnaStableYieldVault._actor
FNDA:0,EchidnaStableYieldVault._actor
DA:1039,0
DA:1042,0
FN:1042,EchidnaStableYieldVault._bound
FNDA:0,EchidnaStableYieldVault._bound
DA:1043,0
DA:1044,0
FNF:42
FNH:0
LF:444
LH:0
BRF:56
BRH:0
end_of_record
TN:
SF:test/mocks/MockERC4626.sol
DA:50,1609
FN:50,MockERC4626.simulateGain
FNDA:1609,MockERC4626.simulateGain
DA:51,1609
DA:55,1968
FN:55,MockERC4626.simulateLoss
FNDA:1968,MockERC4626.simulateLoss
DA:56,1968
DA:57,1968
DA:59,1968
DA:63,1028
FN:63,MockERC4626.setLiquidityCap
FNDA:1028,MockERC4626.setLiquidityCap
DA:64,1028
DA:68,1282
FN:68,MockERC4626.setDepositCap
FNDA:1282,MockERC4626.setDepositCap
DA:69,1282
DA:73,2
FN:73,MockERC4626.setDepositReverts
FNDA:2,MockERC4626.setDepositReverts
DA:74,2
DA:84,12079
FN:84,MockERC4626.maxDeposit
FNDA:12079,MockERC4626.maxDeposit
DA:85,22112
DA:86,22112
DA:90,0
FN:90,MockERC4626.maxMint
FNDA:0,MockERC4626.maxMint
DA:91,0
DA:92,0
DA:93,0
DA:94,0
DA:98,10034
FN:98,MockERC4626.deposit
FNDA:10034,MockERC4626.deposit
DA:99,1
BRDA:99,1,0,1
DA:100,10033
DA:104,68870
FN:104,MockERC4626.maxWithdraw
FNDA:68870,MockERC4626.maxWithdraw
DA:105,77875
DA:106,77875
DA:113,0
FN:113,MockERC4626.maxRedeem
FNDA:0,MockERC4626.maxRedeem
DA:114,77875
DA:115,77875
DA:116,9182
DA:117,9182
FNF:10
FNH:8
LF:31
LH:25
BRF:1
BRH:1
end_of_record
TN:
SF:test/vault/async/AsyncVaultTestBase.t.sol
DA:19,101
FN:19,AsyncVaultTestBase.setUp
FNDA:101,AsyncVaultTestBase.setUp
DA:20,101
DA:22,101
DA:23,101
DA:37,101
DA:39,101
DA:40,101
FNF:1
FNH:1
LF:7
LH:7
BRF:0
BRH:0
end_of_record
TN:
SF:test/vault/base/StableYieldVaultTestBase.t.sol
DA:40,158
FN:40,StableYieldVaultTestBase.setUp
FNDA:158,StableYieldVaultTestBase.setUp
DA:41,158
DA:42,158
DA:43,158
DA:44,158
DA:47,158
FN:47,StableYieldVaultTestBase._initWhale
FNDA:158,StableYieldVaultTestBase._initWhale
DA:49,158
DA:52,158
DA:53,158
DA:54,158
DA:55,158
DA:58,2628
FN:58,StableYieldVaultTestBase._dealUSDCx
FNDA:2628,StableYieldVaultTestBase._dealUSDCx
DA:59,2628
DA:60,2628
DA:63,21547
FN:63,StableYieldVaultTestBase._dealUSDC
FNDA:21547,StableYieldVaultTestBase._dealUSDC
DA:64,21547
DA:67,158
FN:67,StableYieldVaultTestBase._deploySuperfluid
FNDA:158,StableYieldVaultTestBase._deploySuperfluid
DA:72,158
DA:74,158
DA:75,158
DA:76,158
FNF:5
FNH:5
LF:21
LH:21
BRF:0
BRH:0
end_of_record
TN:
SF:test/vault/sync/SyncVaultTestBase.t.sol
DA:30,57
FN:30,SyncVaultTestBase.setUp
FNDA:57,SyncVaultTestBase.setUp
DA:31,57
DA:33,57
DA:35,57
DA:36,57
DA:50,57
DA:52,57
DA:53,57
DA:64,10001
FN:64,SyncVaultTestBase._fund
FNDA:10001,SyncVaultTestBase._fund
DA:65,10001
DA:66,10001
DA:67,10001
DA:71,9233
FN:71,SyncVaultTestBase._deposit
FNDA:9233,SyncVaultTestBase._deposit
DA:72,9233
DA:73,9233
DA:74,9233
DA:78,0
FN:78,SyncVaultTestBase._seedReserve
FNDA:0,SyncVaultTestBase._seedReserve
DA:79,0
FNF:4
FNH:3
LF:18
LH:16
BRF:0
BRH:0
end_of_record
