TN:
SF:script/Deploy.s.sol
DA:14,0
FN:14,Deploy._startBroadcast
FNDA:0,Deploy._startBroadcast
DA:15,0
DA:17,0
DA:20,0
FN:20,Deploy._stopBroadcast
FNDA:0,Deploy._stopBroadcast
DA:21,0
DA:24,0
FN:24,Deploy.run
FNDA:0,Deploy.run
DA:25,0
DA:28,0
DA:30,0
DA:31,0
DA:32,0
DA:33,0
DA:34,0
DA:35,0
DA:36,0
DA:37,0
DA:38,0
DA:39,0
DA:40,0
DA:43,0
DA:45,0
DA:46,0
DA:47,0
DA:48,0
DA:51,0
DA:53,0
DA:55,0
DA:56,0
DA:57,0
DA:58,0
DA:59,0
FNF:3
FNH:0
LF:31
LH:0
BRF:0
BRH:0
end_of_record
TN:
SF:script/StableYieldVaultDeployer.sol
DA:17,91
FN:17,StableYieldVaultDeployer.deployAll
FNDA:91,StableYieldVaultDeployer.deployAll
DA:22,91
DA:25,91
FN:25,StableYieldVaultDeployer._deploy
FNDA:91,StableYieldVaultDeployer._deploy
DA:26,91
DA:37,91
DA:38,91
FNF:2
FNH:2
LF:6
LH:6
BRF:0
BRH:0
end_of_record
TN:
SF:script/config/AddressRegistry.sol
DA:11,0
FN:11,AddressRegistry.getNetworkConfig
FNDA:0,AddressRegistry.getNetworkConfig
DA:12,0
BRDA:12,0,0,-
BRDA:12,0,1,-
DA:13,0
DA:15,0
DA:22,0
FN:22,AddressRegistry.getPolygonMainnetAddresses
FNDA:0,AddressRegistry.getPolygonMainnetAddresses
DA:23,0
FNF:2
FNH:0
LF:6
LH:0
BRF:2
BRH:0
end_of_record
TN:
SF:script/config/NetworkConfig.sol
DA:17,0
FN:17,NetworkConfig.getNetworkConfig
FNDA:0,NetworkConfig.getNetworkConfig
DA:18,0
BRDA:18,0,0,-
BRDA:18,0,1,-
DA:19,0
DA:21,0
DA:28,0
FN:28,NetworkConfig.getPolygonMainnetConfig
FNDA:0,NetworkConfig.getPolygonMainnetConfig
DA:29,0
DA:41,0
FN:41,NetworkConfig.getLocalConfig
FNDA:0,NetworkConfig.getLocalConfig
DA:42,0
FNF:3
FNH:0
LF:8
LH:0
BRF:2
BRH:0
end_of_record
TN:
SF:src/FundManager.sol
DA:96,353
FN:96,FundManager.constructor
FNDA:353,FundManager.constructor
DA:104,353
DA:105,353
DA:108,353
DA:111,353
BRDA:111,0,0,1
DA:112,352
DA:115,352
DA:116,352
DA:119,352
DA:120,352
DA:121,352
DA:124,352
DA:128,352
DA:131,352
DA:133,352
DA:136,352
DA:138,352
BRDA:138,1,0,261
DA:139,91
DA:149,1845
FN:149,FundManager.closeEpoch
FNDA:1845,FundManager.closeEpoch
DA:151,1584
DA:152,1584
DA:156,1583
FN:156,FundManager.settleEpoch
FNDA:1583,FundManager.settleEpoch
DA:157,1322
DA:158,1322
BRDA:158,2,0,4
DA:161,1318
DA:164,1318
BRDA:164,3,0,1318
DA:165,1318
DA:167,1318
DA:168,1318
DA:173,3
FN:173,FundManager.ensureYieldFlowDuration
FNDA:3,FundManager.ensureYieldFlowDuration
DA:175,3
DA:178,3
BRDA:178,4,0,1
DA:180,1
DA:185,262
FN:185,FundManager.give
FNDA:262,FundManager.give
DA:186,1
DA:187,1
DA:191,523
FN:191,FundManager.take
FNDA:523,FundManager.take
DA:192,262
DA:193,262
DA:197,783
FN:197,FundManager.setStableYieldRate
FNDA:783,FundManager.setStableYieldRate
DA:200,522
DA:201,522
DA:205,522
DA:207,522
DA:208,261
DA:210,261
DA:214,784
FN:214,FundManager.setGuaranteedFlowDuration
FNDA:784,FundManager.setGuaranteedFlowDuration
DA:215,523
BRDA:215,5,0,261
DA:216,262
DA:219,262
DA:224,262
DA:226,261
DA:236,540
FN:236,FundManager.onClaimDeposit
FNDA:540,FundManager.onClaimDeposit
DA:238,279
DA:239,279
DA:245,1314
FN:245,FundManager.onRequestRedeem
FNDA:1314,FundManager.onRequestRedeem
DA:249,1053
BRDA:249,6,0,513
DA:251,540
DA:252,540
BRDA:252,7,0,270
DA:254,270
DA:255,270
BRDA:255,8,0,9
BRDA:255,8,1,261
DA:256,9
DA:258,261
DA:261,270
DA:262,270
DA:273,792
FN:273,FundManager.unutilizedAssetsBalance
FNDA:792,FundManager.unutilizedAssetsBalance
DA:274,5525
DA:278,268
FN:278,FundManager.yieldAssetsBalance
FNDA:268,FundManager.yieldAssetsBalance
DA:279,6863
DA:283,261
FN:283,FundManager.scaledYieldAssetsBalance
FNDA:261,FundManager.scaledYieldAssetsBalance
DA:284,3170
DA:288,789
FN:288,FundManager.evaluateFunding
FNDA:789,FundManager.evaluateFunding
DA:289,789
DA:291,789
DA:292,789
DA:293,789
DA:294,789
DA:297,789
DA:300,789
DA:301,789
DA:303,789
BRDA:303,9,0,526
BRDA:303,9,1,263
DA:305,526
DA:308,263
DA:313,531
FN:313,FundManager.evaluateYieldAssetsDeficit
FNDA:531,FundManager.evaluateYieldAssetsDeficit
DA:315,2636
DA:316,2636
DA:318,2636
DA:322,3
FN:322,FundManager.canSettleEpoch
FNDA:3,FundManager.canSettleEpoch
DA:328,1325
DA:330,1325
DA:333,1325
BRDA:333,10,0,3
DA:334,3
DA:335,3
DA:339,1325
DA:340,1325
DA:341,1325
DA:342,1325
DA:343,1325
DA:346,1325
DA:347,1325
DA:348,4
BRDA:348,11,0,4
DA:349,4
DA:350,4
DA:360,773
FN:360,FundManager._upgrade
FNDA:773,FundManager._upgrade
DA:361,773
DA:362,773
DA:365,809
FN:365,FundManager._downgrade
FNDA:809,FundManager._downgrade
DA:366,809
DA:369,1850
FN:369,FundManager._recalibrateFlow
FNDA:1850,FundManager._recalibrateFlow
DA:370,1850
DA:373,2105
FN:373,FundManager._rebalanceYieldAssets
FNDA:2105,FundManager._rebalanceYieldAssets
DA:374,2105
DA:376,2105
BRDA:376,12,0,1035
BRDA:376,12,1,261
DA:378,1035
DA:380,1035
BRDA:380,13,0,262
DA:383,773
DA:384,1070
BRDA:384,14,0,809
BRDA:384,14,1,261
DA:386,809
DA:388,261
DA:392,4486
FN:392,FundManager._targetFlowRate
FNDA:4486,FundManager._targetFlowRate
DA:393,4486
FNF:21
FNH:21
LF:121
LH:121
BRF:19
BRH:19
end_of_record
TN:
SF:src/StableYieldAsyncVault.sol
DA:93,91
FN:93,StableYieldAsyncVault.constructor
FNDA:91,StableYieldAsyncVault.constructor
DA:103,91
DA:105,91
DA:115,91
DA:125,1349
FN:125,StableYieldAsyncVault.requestDeposit
FNDA:1349,StableYieldAsyncVault.requestDeposit
DA:126,1349
BRDA:126,0,0,1
DA:127,1348
BRDA:127,1,0,1
DA:128,1347
BRDA:128,2,0,1
DA:131,1346
DA:134,1346
DA:136,1346
DA:139,1346
DA:140,1346
DA:143,1346
DA:145,1346
DA:147,1346
DA:151,1
FN:151,StableYieldAsyncVault.deposit.0
FNDA:1,StableYieldAsyncVault.deposit.0
DA:152,1
BRDA:152,3,0,1
DA:153,0
DA:157,279
FN:157,StableYieldAsyncVault.deposit.1
FNDA:279,StableYieldAsyncVault.deposit.1
DA:158,279
DA:162,0
FN:162,StableYieldAsyncVault.mint.0
FNDA:0,StableYieldAsyncVault.mint.0
DA:163,0
BRDA:163,4,0,-
DA:164,0
DA:168,2
FN:168,StableYieldAsyncVault.mint.1
FNDA:2,StableYieldAsyncVault.mint.1
DA:169,2
DA:173,274
FN:173,StableYieldAsyncVault.requestRedeem
FNDA:274,StableYieldAsyncVault.requestRedeem
DA:174,274
BRDA:174,5,0,1
DA:175,273
BRDA:175,6,0,1
DA:176,272
BRDA:176,7,0,1
DA:179,271
DA:182,271
DA:183,271
BRDA:183,8,0,1
DA:186,270
DA:189,270
DA:191,270
DA:194,270
DA:195,270
DA:198,270
DA:200,270
DA:202,270
DA:206,6
FN:206,StableYieldAsyncVault.redeem
FNDA:6,StableYieldAsyncVault.redeem
DA:207,6
BRDA:207,9,0,1
DA:208,5
DA:212,1
FN:212,StableYieldAsyncVault.withdraw
FNDA:1,StableYieldAsyncVault.withdraw
DA:213,1
BRDA:213,10,0,-
DA:214,1
DA:218,1618
FN:218,StableYieldAsyncVault.onCloseEpoch
FNDA:1618,StableYieldAsyncVault.onCloseEpoch
DA:220,1617
BRDA:220,11,0,1
DA:224,1616
DA:227,1616
DA:230,1616
DA:238,1616
DA:239,1616
DA:242,1616
DA:245,1616
DA:249,1345
FN:249,StableYieldAsyncVault.onSettleEpoch
FNDA:1345,StableYieldAsyncVault.onSettleEpoch
DA:250,1344
DA:252,1344
BRDA:252,12,0,1
DA:255,1343
DA:259,1343
DA:261,1343
BRDA:261,13,0,1338
BRDA:261,13,1,1338
DA:263,1338
DA:264,1338
BRDA:264,14,0,1337
DA:265,1337
DA:270,5
DA:271,5
DA:275,1343
DA:276,1343
DA:279,1343
DA:280,1343
DA:283,1343
DA:284,1343
DA:289,1343
DA:293,3
FN:293,StableYieldAsyncVault.setOperator
FNDA:3,StableYieldAsyncVault.setOperator
DA:294,3
DA:295,3
DA:296,3
DA:303,1
FN:303,StableYieldAsyncVault.transfer
FNDA:1,StableYieldAsyncVault.transfer
DA:304,1
DA:311,1
FN:311,StableYieldAsyncVault.transferFrom
FNDA:1,StableYieldAsyncVault.transferFrom
DA:312,1
DA:322,1
FN:322,StableYieldAsyncVault.isEpochSettled
FNDA:1,StableYieldAsyncVault.isEpochSettled
DA:323,302
DA:327,2145
FN:327,StableYieldAsyncVault.getSnapshot
FNDA:2145,StableYieldAsyncVault.getSnapshot
DA:328,2145
DA:335,2
FN:335,StableYieldAsyncVault.convertToShares
FNDA:2,StableYieldAsyncVault.convertToShares
DA:336,2
DA:337,2
DA:344,1
FN:344,StableYieldAsyncVault.convertToAssets
FNDA:1,StableYieldAsyncVault.convertToAssets
DA:345,1
DA:346,1
DA:350,5
FN:350,StableYieldAsyncVault.pendingDepositRequest
FNDA:5,StableYieldAsyncVault.pendingDepositRequest
DA:351,5
DA:353,5
DA:357,1
FN:357,StableYieldAsyncVault.pendingRedeemRequest
FNDA:1,StableYieldAsyncVault.pendingRedeemRequest
DA:358,1
DA:361,1
DA:365,7
FN:365,StableYieldAsyncVault.claimableDepositRequest
FNDA:7,StableYieldAsyncVault.claimableDepositRequest
DA:366,7
DA:370,1
FN:370,StableYieldAsyncVault.claimableRedeemRequest
FNDA:1,StableYieldAsyncVault.claimableRedeemRequest
DA:371,1
DA:377,1
FN:377,StableYieldAsyncVault.share
FNDA:1,StableYieldAsyncVault.share
DA:378,1
DA:382,1
FN:382,StableYieldAsyncVault.asset
FNDA:1,StableYieldAsyncVault.asset
DA:383,1
DA:391,263
FN:391,StableYieldAsyncVault.totalAssets
FNDA:263,StableYieldAsyncVault.totalAssets
DA:392,263
DA:396,3
FN:396,StableYieldAsyncVault.isOperator
FNDA:3,StableYieldAsyncVault.isOperator
DA:397,3
DA:401,1
FN:401,StableYieldAsyncVault.maxDeposit
FNDA:1,StableYieldAsyncVault.maxDeposit
DA:402,1
DA:406,1
FN:406,StableYieldAsyncVault.maxMint
FNDA:1,StableYieldAsyncVault.maxMint
DA:407,1
DA:411,1
FN:411,StableYieldAsyncVault.maxRedeem
FNDA:1,StableYieldAsyncVault.maxRedeem
DA:412,1
DA:416,1
FN:416,StableYieldAsyncVault.maxWithdraw
FNDA:1,StableYieldAsyncVault.maxWithdraw
DA:417,1
DA:423,1
FN:423,StableYieldAsyncVault.previewDeposit
FNDA:1,StableYieldAsyncVault.previewDeposit
DA:424,1
DA:430,1
FN:430,StableYieldAsyncVault.previewMint
FNDA:1,StableYieldAsyncVault.previewMint
DA:431,1
DA:437,1
FN:437,StableYieldAsyncVault.previewRedeem
FNDA:1,StableYieldAsyncVault.previewRedeem
DA:438,1
DA:444,1
FN:444,StableYieldAsyncVault.previewWithdraw
FNDA:1,StableYieldAsyncVault.previewWithdraw
DA:445,1
DA:449,5
FN:449,StableYieldAsyncVault.supportsInterface
FNDA:5,StableYieldAsyncVault.supportsInterface
DA:450,5
DA:451,3
DA:460,279
FN:460,StableYieldAsyncVault._deposit
FNDA:279,StableYieldAsyncVault._deposit
DA:461,279
BRDA:461,15,0,-
DA:462,279
DA:463,278
DA:464,278
BRDA:464,16,0,-
DA:465,278
DA:468,2
FN:468,StableYieldAsyncVault._mintShares
FNDA:2,StableYieldAsyncVault._mintShares
DA:469,2
BRDA:469,17,0,1
DA:470,1
DA:471,1
DA:472,1
DA:475,5
FN:475,StableYieldAsyncVault._redeem
FNDA:5,StableYieldAsyncVault._redeem
DA:476,5
BRDA:476,18,0,1
DA:477,4
DA:478,3
DA:479,3
BRDA:479,19,0,-
DA:480,3
DA:483,1
FN:483,StableYieldAsyncVault._withdraw
FNDA:1,StableYieldAsyncVault._withdraw
DA:484,1
BRDA:484,20,0,-
DA:485,1
DA:487,1
DA:488,1
DA:494,280
FN:494,StableYieldAsyncVault._resolveClaimableDeposit
FNDA:280,StableYieldAsyncVault._resolveClaimableDeposit
DA:498,280
DA:499,280
DA:500,280
DA:501,280
BRDA:501,21,0,1
DA:502,279
DA:508,5
FN:508,StableYieldAsyncVault._resolveClaimableRedeem
FNDA:5,StableYieldAsyncVault._resolveClaimableRedeem
DA:512,5
DA:513,5
DA:514,5
DA:515,5
BRDA:515,22,0,1
DA:516,4
DA:522,279
FN:522,StableYieldAsyncVault._claimDeposit
FNDA:279,StableYieldAsyncVault._claimDeposit
DA:523,279
DA:524,279
DA:525,279
DA:526,279
DA:527,279
DA:528,279
DA:529,279
DA:535,4
FN:535,StableYieldAsyncVault._claimRedeem
FNDA:4,StableYieldAsyncVault._claimRedeem
DA:536,4
DA:537,4
DA:538,4
DA:539,4
DA:540,4
DA:541,4
DA:542,4
DA:543,4
DA:551,3
FN:551,StableYieldAsyncVault._lastSettledRate
FNDA:3,StableYieldAsyncVault._lastSettledRate
DA:553,3
BRDA:553,23,0,1
BRDA:553,23,1,2
DA:554,1
DA:557,2
BRDA:557,24,0,-
BRDA:557,24,1,2
DA:558,0
DA:561,2
DA:569,1626
FN:569,StableYieldAsyncVault._settleDepositIfNeeded
FNDA:1626,StableYieldAsyncVault._settleDepositIfNeeded
DA:570,1626
DA:573,1626
DA:574,1626
DA:577,280
DA:578,280
DA:581,279
DA:582,279
DA:585,279
DA:586,279
DA:587,279
DA:594,276
FN:594,StableYieldAsyncVault._settleRedeemIfNeeded
FNDA:276,StableYieldAsyncVault._settleRedeemIfNeeded
DA:595,276
DA:598,276
DA:599,276
DA:602,4
DA:603,4
DA:606,4
DA:607,4
DA:610,4
DA:611,4
DA:612,4
DA:615,8
FN:615,StableYieldAsyncVault._effectiveClaimableDepositAssets
FNDA:8,StableYieldAsyncVault._effectiveClaimableDepositAssets
DA:616,8
DA:619,8
DA:622,8
DA:623,8
BRDA:623,29,0,4
DA:624,4
DA:628,1
FN:628,StableYieldAsyncVault._effectiveClaimableDepositShares
FNDA:1,StableYieldAsyncVault._effectiveClaimableDepositShares
DA:629,1
DA:632,1
DA:634,1
DA:635,1
DA:638,1
BRDA:638,30,0,1
DA:639,1
DA:640,1
DA:644,2
FN:644,StableYieldAsyncVault._effectiveClaimableRedeemShares
FNDA:2,StableYieldAsyncVault._effectiveClaimableRedeemShares
DA:645,2
DA:648,2
DA:651,2
DA:652,2
BRDA:652,31,0,2
DA:653,2
DA:657,1
FN:657,StableYieldAsyncVault._effectiveClaimableRedeemAssets
FNDA:1,StableYieldAsyncVault._effectiveClaimableRedeemAssets
DA:658,1
DA:661,1
DA:663,1
DA:664,1
DA:667,1
BRDA:667,32,0,1
DA:668,1
DA:669,1
DA:679,1618
FN:679,StableYieldAsyncVault.onlyFundManager
FNDA:1618,StableYieldAsyncVault.onlyFundManager
DA:680,1618
BRDA:680,33,0,1
FNF:51
FNH:50
LF:238
LH:233
BRF:33
BRH:26
end_of_record
TN:
SF:test/StableYieldVaultTestBase.t.sol
DA:47,91
FN:47,StableYieldVaultTestBase.setUp
FNDA:91,StableYieldVaultTestBase.setUp
DA:48,91
DA:49,91
DA:50,91
DA:51,91
DA:53,91
DA:54,91
DA:66,91
DA:68,91
DA:69,91
DA:72,91
FN:72,StableYieldVaultTestBase._initWhale
FNDA:91,StableYieldVaultTestBase._initWhale
DA:74,91
DA:77,91
DA:78,91
DA:79,91
DA:80,91
DA:83,2406
FN:83,StableYieldVaultTestBase._dealUSDCx
FNDA:2406,StableYieldVaultTestBase._dealUSDCx
DA:84,2406
DA:85,2406
DA:88,3699
FN:88,StableYieldVaultTestBase._dealUSDC
FNDA:3699,StableYieldVaultTestBase._dealUSDC
DA:89,3699
DA:92,91
FN:92,StableYieldVaultTestBase._deploySuperfluid
FNDA:91,StableYieldVaultTestBase._deploySuperfluid
DA:97,91
DA:99,91
DA:100,91
DA:101,91
FNF:5
FNH:5
LF:26
LH:26
BRF:0
BRH:0
end_of_record
